2019-08-31 01:39:32,644 INFO 19932 [egg-schedule]: register schedule D:\Web\wwyyllaa\egg_backend\node_modules\egg-multipart\app\schedule\clean_tmpdir.js
2019-08-31 01:39:32,644 INFO 19932 [egg-schedule]: register schedule D:\Web\wwyyllaa\egg_backend\node_modules\egg-logrotator\app\schedule\clean_log.js
2019-08-31 01:39:32,644 INFO 19932 [egg-schedule]: register schedule D:\Web\wwyyllaa\egg_backend\node_modules\egg-logrotator\app\schedule\rotate_by_file.js
2019-08-31 01:39:33,183 INFO 31852 [Timer] D:\Web\wwyyllaa\egg_backend\node_modules\egg-multipart\app\schedule\clean_tmpdir.js next time will execute after 10226820ms at 2019-08-31 04:30:00.003
2019-08-31 01:39:33,184 INFO 31852 [Timer] D:\Web\wwyyllaa\egg_backend\node_modules\egg-logrotator\app\schedule\clean_log.js next time will execute after 80426817ms at 2019-09-01 00:00:00.001
2019-08-31 01:39:33,184 INFO 31852 [Timer] D:\Web\wwyyllaa\egg_backend\node_modules\egg-logrotator\app\schedule\rotate_by_file.js next time will execute after 80427816ms at 2019-09-01 00:00:01.000
2019-08-31 01:44:34,938 INFO 20560 [egg-schedule]: register schedule D:\Web\wwyyllaa\egg_backend\node_modules\egg-multipart\app\schedule\clean_tmpdir.js
2019-08-31 01:44:34,938 INFO 20560 [egg-schedule]: register schedule D:\Web\wwyyllaa\egg_backend\node_modules\egg-logrotator\app\schedule\clean_log.js
2019-08-31 01:44:34,938 INFO 20560 [egg-schedule]: register schedule D:\Web\wwyyllaa\egg_backend\node_modules\egg-logrotator\app\schedule\rotate_by_file.js
2019-08-31 01:44:35,460 INFO 22980 [Timer] D:\Web\wwyyllaa\egg_backend\node_modules\egg-multipart\app\schedule\clean_tmpdir.js next time will execute after 9924542ms at 2019-08-31 04:30:00.002
2019-08-31 01:44:35,461 INFO 22980 [Timer] D:\Web\wwyyllaa\egg_backend\node_modules\egg-logrotator\app\schedule\clean_log.js next time will execute after 80124540ms at 2019-09-01 00:00:00.001
2019-08-31 01:44:35,461 INFO 22980 [Timer] D:\Web\wwyyllaa\egg_backend\node_modules\egg-logrotator\app\schedule\rotate_by_file.js next time will execute after 80125539ms at 2019-09-01 00:00:01.000
2019-08-31 01:45:22,656 INFO 27852 [egg-schedule]: register schedule D:\Web\wwyyllaa\egg_backend\node_modules\egg-multipart\app\schedule\clean_tmpdir.js
2019-08-31 01:45:22,656 INFO 27852 [egg-schedule]: register schedule D:\Web\wwyyllaa\egg_backend\node_modules\egg-logrotator\app\schedule\clean_log.js
2019-08-31 01:45:22,657 INFO 27852 [egg-schedule]: register schedule D:\Web\wwyyllaa\egg_backend\node_modules\egg-logrotator\app\schedule\rotate_by_file.js
2019-08-31 13:05:38,370 INFO 22080 [egg-schedule]: register schedule D:\Web\wwyyllaa\egg_backend\node_modules\egg-multipart\app\schedule\clean_tmpdir.js
2019-08-31 13:05:38,370 INFO 22080 [egg-schedule]: register schedule D:\Web\wwyyllaa\egg_backend\node_modules\egg-logrotator\app\schedule\clean_log.js
2019-08-31 13:05:38,370 INFO 22080 [egg-schedule]: register schedule D:\Web\wwyyllaa\egg_backend\node_modules\egg-logrotator\app\schedule\rotate_by_file.js
2019-08-31 13:05:38,987 INFO 10768 [Timer] D:\Web\wwyyllaa\egg_backend\node_modules\egg-multipart\app\schedule\clean_tmpdir.js next time will execute after 55461017ms at 2019-09-01 04:30:00.004
2019-08-31 13:05:38,988 INFO 10768 [Timer] D:\Web\wwyyllaa\egg_backend\node_modules\egg-logrotator\app\schedule\clean_log.js next time will execute after 39261013ms at 2019-09-01 00:00:00.001
2019-08-31 13:05:38,988 INFO 10768 [Timer] D:\Web\wwyyllaa\egg_backend\node_modules\egg-logrotator\app\schedule\rotate_by_file.js next time will execute after 39262012ms at 2019-09-01 00:00:01.000
2019-08-31 13:05:40,274 INFO 24784 [egg-schedule]: register schedule D:\Web\wwyyllaa\egg_backend\node_modules\egg-multipart\app\schedule\clean_tmpdir.js
2019-08-31 13:05:40,274 INFO 24784 [egg-schedule]: register schedule D:\Web\wwyyllaa\egg_backend\node_modules\egg-logrotator\app\schedule\clean_log.js
2019-08-31 13:05:40,274 INFO 24784 [egg-schedule]: register schedule D:\Web\wwyyllaa\egg_backend\node_modules\egg-logrotator\app\schedule\rotate_by_file.js
2019-08-31 13:09:26,652 INFO 22096 [egg-schedule]: register schedule D:\Web\wwyyllaa\egg_backend\node_modules\egg-multipart\app\schedule\clean_tmpdir.js
2019-08-31 13:09:26,652 INFO 22096 [egg-schedule]: register schedule D:\Web\wwyyllaa\egg_backend\node_modules\egg-logrotator\app\schedule\clean_log.js
2019-08-31 13:09:26,652 INFO 22096 [egg-schedule]: register schedule D:\Web\wwyyllaa\egg_backend\node_modules\egg-logrotator\app\schedule\rotate_by_file.js
2019-08-31 13:09:49,861 INFO 26304 [egg-schedule]: register schedule D:\Web\wwyyllaa\egg_backend\node_modules\egg-multipart\app\schedule\clean_tmpdir.js
2019-08-31 13:09:49,861 INFO 26304 [egg-schedule]: register schedule D:\Web\wwyyllaa\egg_backend\node_modules\egg-logrotator\app\schedule\clean_log.js
2019-08-31 13:09:49,861 INFO 26304 [egg-schedule]: register schedule D:\Web\wwyyllaa\egg_backend\node_modules\egg-logrotator\app\schedule\rotate_by_file.js
2019-08-31 13:10:13,658 INFO 28992 [egg-schedule]: register schedule D:\Web\wwyyllaa\egg_backend\node_modules\egg-multipart\app\schedule\clean_tmpdir.js
2019-08-31 13:10:13,658 INFO 28992 [egg-schedule]: register schedule D:\Web\wwyyllaa\egg_backend\node_modules\egg-logrotator\app\schedule\clean_log.js
2019-08-31 13:10:13,658 INFO 28992 [egg-schedule]: register schedule D:\Web\wwyyllaa\egg_backend\node_modules\egg-logrotator\app\schedule\rotate_by_file.js
2019-08-31 13:10:41,653 INFO 14848 [egg-schedule]: register schedule D:\Web\wwyyllaa\egg_backend\node_modules\egg-multipart\app\schedule\clean_tmpdir.js
2019-08-31 13:10:41,653 INFO 14848 [egg-schedule]: register schedule D:\Web\wwyyllaa\egg_backend\node_modules\egg-logrotator\app\schedule\clean_log.js
2019-08-31 13:10:41,653 INFO 14848 [egg-schedule]: register schedule D:\Web\wwyyllaa\egg_backend\node_modules\egg-logrotator\app\schedule\rotate_by_file.js
2019-08-31 13:10:54,883 INFO 31784 [egg-schedule]: register schedule D:\Web\wwyyllaa\egg_backend\node_modules\egg-multipart\app\schedule\clean_tmpdir.js
2019-08-31 13:10:54,883 INFO 31784 [egg-schedule]: register schedule D:\Web\wwyyllaa\egg_backend\node_modules\egg-logrotator\app\schedule\clean_log.js
2019-08-31 13:10:54,883 INFO 31784 [egg-schedule]: register schedule D:\Web\wwyyllaa\egg_backend\node_modules\egg-logrotator\app\schedule\rotate_by_file.js
2019-08-31 13:31:59,974 INFO 15640 [egg-schedule]: register schedule D:\Web\wwyyllaa\egg_backend\node_modules\egg-multipart\app\schedule\clean_tmpdir.js
2019-08-31 13:31:59,974 INFO 15640 [egg-schedule]: register schedule D:\Web\wwyyllaa\egg_backend\node_modules\egg-logrotator\app\schedule\clean_log.js
2019-08-31 13:31:59,974 INFO 15640 [egg-schedule]: register schedule D:\Web\wwyyllaa\egg_backend\node_modules\egg-logrotator\app\schedule\rotate_by_file.js
2019-08-31 13:32:43,765 INFO 13444 [egg-schedule]: register schedule D:\Web\wwyyllaa\egg_backend\node_modules\egg-multipart\app\schedule\clean_tmpdir.js
2019-08-31 13:32:43,765 INFO 13444 [egg-schedule]: register schedule D:\Web\wwyyllaa\egg_backend\node_modules\egg-logrotator\app\schedule\clean_log.js
2019-08-31 13:32:43,765 INFO 13444 [egg-schedule]: register schedule D:\Web\wwyyllaa\egg_backend\node_modules\egg-logrotator\app\schedule\rotate_by_file.js
2019-08-31 13:32:50,045 INFO 12348 [egg-schedule]: register schedule D:\Web\wwyyllaa\egg_backend\node_modules\egg-multipart\app\schedule\clean_tmpdir.js
2019-08-31 13:32:50,045 INFO 12348 [egg-schedule]: register schedule D:\Web\wwyyllaa\egg_backend\node_modules\egg-logrotator\app\schedule\clean_log.js
2019-08-31 13:32:50,045 INFO 12348 [egg-schedule]: register schedule D:\Web\wwyyllaa\egg_backend\node_modules\egg-logrotator\app\schedule\rotate_by_file.js
2019-08-31 13:33:13,731 INFO 3884 [egg-schedule]: register schedule D:\Web\wwyyllaa\egg_backend\node_modules\egg-multipart\app\schedule\clean_tmpdir.js
2019-08-31 13:33:13,731 INFO 3884 [egg-schedule]: register schedule D:\Web\wwyyllaa\egg_backend\node_modules\egg-logrotator\app\schedule\clean_log.js
2019-08-31 13:33:13,731 INFO 3884 [egg-schedule]: register schedule D:\Web\wwyyllaa\egg_backend\node_modules\egg-logrotator\app\schedule\rotate_by_file.js
2019-08-31 13:34:03,880 INFO 2272 [egg-schedule]: register schedule D:\Web\wwyyllaa\egg_backend\node_modules\egg-multipart\app\schedule\clean_tmpdir.js
2019-08-31 13:34:03,880 INFO 2272 [egg-schedule]: register schedule D:\Web\wwyyllaa\egg_backend\node_modules\egg-logrotator\app\schedule\clean_log.js
2019-08-31 13:34:03,880 INFO 2272 [egg-schedule]: register schedule D:\Web\wwyyllaa\egg_backend\node_modules\egg-logrotator\app\schedule\rotate_by_file.js
2019-08-31 13:36:16,555 INFO 10052 [egg-schedule]: register schedule D:\Web\wwyyllaa\egg_backend\node_modules\egg-multipart\app\schedule\clean_tmpdir.js
2019-08-31 13:36:16,555 INFO 10052 [egg-schedule]: register schedule D:\Web\wwyyllaa\egg_backend\node_modules\egg-logrotator\app\schedule\clean_log.js
2019-08-31 13:36:16,555 INFO 10052 [egg-schedule]: register schedule D:\Web\wwyyllaa\egg_backend\node_modules\egg-logrotator\app\schedule\rotate_by_file.js
2019-08-31 13:36:18,838 INFO 32552 [egg-schedule]: register schedule D:\Web\wwyyllaa\egg_backend\node_modules\egg-multipart\app\schedule\clean_tmpdir.js
2019-08-31 13:36:18,838 INFO 32552 [egg-schedule]: register schedule D:\Web\wwyyllaa\egg_backend\node_modules\egg-logrotator\app\schedule\clean_log.js
2019-08-31 13:36:18,838 INFO 32552 [egg-schedule]: register schedule D:\Web\wwyyllaa\egg_backend\node_modules\egg-logrotator\app\schedule\rotate_by_file.js
2019-08-31 13:37:28,749 INFO 2748 [egg-schedule]: register schedule D:\Web\wwyyllaa\egg_backend\node_modules\egg-multipart\app\schedule\clean_tmpdir.js
2019-08-31 13:37:28,749 INFO 2748 [egg-schedule]: register schedule D:\Web\wwyyllaa\egg_backend\node_modules\egg-logrotator\app\schedule\clean_log.js
2019-08-31 13:37:28,749 INFO 2748 [egg-schedule]: register schedule D:\Web\wwyyllaa\egg_backend\node_modules\egg-logrotator\app\schedule\rotate_by_file.js
